-------------------------------------------------------------------------------
Test set: DominosTest
-------------------------------------------------------------------------------
Tests run: 1, Failures: 1, Errors: 0, Skipped: 0, Time elapsed: 2.544 sec <<< FAILURE!
testCart(DominosTest)  Time elapsed: 0.006 sec  <<< FAILURE!
java.lang.RuntimeException: Uncompilable code - not a statement
	at DominosTest.testCart(DominosTest.java:1)

