<?xml version="1.0" encoding="UTF-8" ?>
<testsuite tests="1" failures="1" name="DominosTest" time="0.006" errors="0" skipped="0">
  <properties>
[...]
</properties>
  <testcase classname="DominosTest" name="testCart" time="0.006">
    <failure message="Uncompilable code - not a statement" type="java.lang.RuntimeException">java.lang.RuntimeException: Uncompilable code - not a statement
	at DominosTest.testCart(DominosTest.java:1)
</failure>
    <system-out>Configuring TestNG with: org.apache.maven.surefire.testng.conf.TestNG652Configurator@567d299b
</system-out>
    <system-err>Starting ChromeDriver 104.0.5112.79 (3cf3e8c8a07d104b9e1260c910efb8f383285dc5-refs/branch-heads/5112@{#1307}) on port 26758
Only local connections are allowed.
Please see https://chromedriver.chromium.org/security-considerations for suggestions on keeping ChromeDriver safe.
ChromeDriver was started successfully.
Aug 05, 2022 6:04:31 PM org.openqa.selenium.remote.ProtocolHandshake createSession
INFO: Detected dialect: W3C
</system-err>
  </testcase>
</testsuite>