<?xml version="1.0" encoding="UTF-8"?>
<!-- Generated by org.testng.reporters.JUnitXMLReporter -->
<testsuite hostname="DESKTOP-GI1MAJ7" failures="1" tests="1" name="Command line test" time="1.882" errors="0" timestamp="5 Aug 2022 23:04:31 GMT">
  <testcase classname="DominosTest" name="testCart" time="0.001">
    <failure type="java.lang.RuntimeException" message="Uncompilable code - not a statement">
      <![CDATA[java.lang.RuntimeException: Uncompilable code - not a statement
	at DominosTest.testCart(DominosTest.java:1)
... Removed 33 stack frames]]>
    </failure>
  </testcase> <!-- testCart -->
</testsuite> <!-- Command line test -->
